<?xml version="1.0" encoding="UTF-8"?>
<testsuite xmlns:xsi="http://www.w3.org/2001/XMLSchema-instance" xsi:noNamespaceSchemaLocation="https://maven.apache.org/surefire/maven-surefire-plugin/xsd/surefire-test-report-3.0.xsd" version="3.0" name="com.calkoo.runner.TestRunner" time="55.117" tests="8" errors="0" skipped="0" failures="0">
  <properties>
    <property name="java.specification.version" value="21"/>
    <property name="webdriver.chrome.driver" value="C:\Users\Rafael Pereira\.cache\selenium\chromedriver\win64\132.0.6834.159\chromedriver.exe"/>
    <property name="sun.cpu.isalist" value="amd64"/>
    <property name="sun.jnu.encoding" value="Cp1252"/>
    <property name="java.class.path" value="C:\Rafael\Projetos Novos\NaoGitHub\DESAFIOS\Java\IntelliJ\BKP\Calkoo\target\test-classes;C:\Rafael\Projetos Novos\NaoGitHub\DESAFIOS\Java\IntelliJ\BKP\Calkoo\target\classes;C:\Users\Rafael Pereira\.m2\repository\org\seleniumhq\selenium\selenium-java\4.28.1\selenium-java-4.28.1.jar;C:\Users\Rafael Pereira\.m2\repository\org\seleniumhq\selenium\selenium-api\4.28.1\selenium-api-4.28.1.jar;C:\Users\Rafael Pereira\.m2\repository\org\jspecify\jspecify\1.0.0\jspecify-1.0.0.jar;C:\Users\Rafael Pereira\.m2\repository\org\seleniumhq\selenium\selenium-chrome-driver\4.28.1\selenium-chrome-driver-4.28.1.jar;C:\Users\Rafael Pereira\.m2\repository\com\google\auto\service\auto-service-annotations\1.1.1\auto-service-annotations-1.1.1.jar;C:\Users\Rafael Pereira\.m2\repository\org\seleniumhq\selenium\selenium-chromium-driver\4.28.1\selenium-chromium-driver-4.28.1.jar;C:\Users\Rafael Pereira\.m2\repository\org\seleniumhq\selenium\selenium-json\4.28.1\selenium-json-4.28.1.jar;C:\Users\Rafael Pereira\.m2\repository\org\seleniumhq\selenium\selenium-manager\4.28.1\selenium-manager-4.28.1.jar;C:\Users\Rafael Pereira\.m2\repository\org\seleniumhq\selenium\selenium-devtools-v130\4.28.1\selenium-devtools-v130-4.28.1.jar;C:\Users\Rafael Pereira\.m2\repository\org\seleniumhq\selenium\selenium-devtools-v131\4.28.1\selenium-devtools-v131-4.28.1.jar;C:\Users\Rafael Pereira\.m2\repository\org\seleniumhq\selenium\selenium-devtools-v132\4.28.1\selenium-devtools-v132-4.28.1.jar;C:\Users\Rafael Pereira\.m2\repository\org\seleniumhq\selenium\selenium-devtools-v85\4.28.1\selenium-devtools-v85-4.28.1.jar;C:\Users\Rafael Pereira\.m2\repository\org\seleniumhq\selenium\selenium-edge-driver\4.28.1\selenium-edge-driver-4.28.1.jar;C:\Users\Rafael Pereira\.m2\repository\org\seleniumhq\selenium\selenium-firefox-driver\4.28.1\selenium-firefox-driver-4.28.1.jar;C:\Users\Rafael Pereira\.m2\repository\org\seleniumhq\selenium\selenium-http\4.28.1\selenium-http-4.28.1.jar;C:\Users\Rafael Pereira\.m2\repository\org\seleniumhq\selenium\selenium-ie-driver\4.28.1\selenium-ie-driver-4.28.1.jar;C:\Users\Rafael Pereira\.m2\repository\org\seleniumhq\selenium\selenium-remote-driver\4.28.1\selenium-remote-driver-4.28.1.jar;C:\Users\Rafael Pereira\.m2\repository\com\google\guava\guava\33.4.0-jre\guava-33.4.0-jre.jar;C:\Users\Rafael Pereira\.m2\repository\com\google\guava\failureaccess\1.0.2\failureaccess-1.0.2.jar;C:\Users\Rafael Pereira\.m2\repository\com\google\guava\listenablefuture\9999.0-empty-to-avoid-conflict-with-guava\listenablefuture-9999.0-empty-to-avoid-conflict-with-guava.jar;C:\Users\Rafael Pereira\.m2\repository\com\google\code\findbugs\jsr305\3.0.2\jsr305-3.0.2.jar;C:\Users\Rafael Pereira\.m2\repository\org\checkerframework\checker-qual\3.43.0\checker-qual-3.43.0.jar;C:\Users\Rafael Pereira\.m2\repository\com\google\j2objc\j2objc-annotations\3.0.0\j2objc-annotations-3.0.0.jar;C:\Users\Rafael Pereira\.m2\repository\io\opentelemetry\semconv\opentelemetry-semconv\1.28.0-alpha\opentelemetry-semconv-1.28.0-alpha.jar;C:\Users\Rafael Pereira\.m2\repository\io\opentelemetry\opentelemetry-api\1.46.0\opentelemetry-api-1.46.0.jar;C:\Users\Rafael Pereira\.m2\repository\io\opentelemetry\opentelemetry-context\1.46.0\opentelemetry-context-1.46.0.jar;C:\Users\Rafael Pereira\.m2\repository\io\opentelemetry\opentelemetry-exporter-logging\1.46.0\opentelemetry-exporter-logging-1.46.0.jar;C:\Users\Rafael Pereira\.m2\repository\io\opentelemetry\opentelemetry-sdk-common\1.46.0\opentelemetry-sdk-common-1.46.0.jar;C:\Users\Rafael Pereira\.m2\repository\io\opentelemetry\opentelemetry-sdk-extension-autoconfigure-spi\1.46.0\opentelemetry-sdk-extension-autoconfigure-spi-1.46.0.jar;C:\Users\Rafael Pereira\.m2\repository\io\opentelemetry\opentelemetry-sdk-extension-autoconfigure\1.46.0\opentelemetry-sdk-extension-autoconfigure-1.46.0.jar;C:\Users\Rafael Pereira\.m2\repository\io\opentelemetry\opentelemetry-api-incubator\1.46.0-alpha\opentelemetry-api-incubator-1.46.0-alpha.jar;C:\Users\Rafael Pereira\.m2\repository\io\opentelemetry\opentelemetry-sdk-trace\1.46.0\opentelemetry-sdk-trace-1.46.0.jar;C:\Users\Rafael Pereira\.m2\repository\io\opentelemetry\opentelemetry-sdk\1.46.0\opentelemetry-sdk-1.46.0.jar;C:\Users\Rafael Pereira\.m2\repository\io\opentelemetry\opentelemetry-sdk-metrics\1.46.0\opentelemetry-sdk-metrics-1.46.0.jar;C:\Users\Rafael Pereira\.m2\repository\io\opentelemetry\opentelemetry-sdk-logs\1.46.0\opentelemetry-sdk-logs-1.46.0.jar;C:\Users\Rafael Pereira\.m2\repository\net\bytebuddy\byte-buddy\1.15.11\byte-buddy-1.15.11.jar;C:\Users\Rafael Pereira\.m2\repository\org\seleniumhq\selenium\selenium-os\4.28.1\selenium-os-4.28.1.jar;C:\Users\Rafael Pereira\.m2\repository\org\apache\commons\commons-exec\1.4.0\commons-exec-1.4.0.jar;C:\Users\Rafael Pereira\.m2\repository\org\seleniumhq\selenium\selenium-safari-driver\4.28.1\selenium-safari-driver-4.28.1.jar;C:\Users\Rafael Pereira\.m2\repository\org\seleniumhq\selenium\selenium-support\4.28.1\selenium-support-4.28.1.jar;C:\Users\Rafael Pereira\.m2\repository\org\junit\jupiter\junit-jupiter-api\5.11.4\junit-jupiter-api-5.11.4.jar;C:\Users\Rafael Pereira\.m2\repository\org\opentest4j\opentest4j\1.3.0\opentest4j-1.3.0.jar;C:\Users\Rafael Pereira\.m2\repository\org\junit\platform\junit-platform-commons\1.11.4\junit-platform-commons-1.11.4.jar;C:\Users\Rafael Pereira\.m2\repository\org\apiguardian\apiguardian-api\1.1.2\apiguardian-api-1.1.2.jar;C:\Users\Rafael Pereira\.m2\repository\io\cucumber\cucumber-java\7.20.1\cucumber-java-7.20.1.jar;C:\Users\Rafael Pereira\.m2\repository\io\cucumber\cucumber-core\7.20.1\cucumber-core-7.20.1.jar;C:\Users\Rafael Pereira\.m2\repository\io\cucumber\cucumber-gherkin\7.20.1\cucumber-gherkin-7.20.1.jar;C:\Users\Rafael Pereira\.m2\repository\io\cucumber\cucumber-gherkin-messages\7.20.1\cucumber-gherkin-messages-7.20.1.jar;C:\Users\Rafael Pereira\.m2\repository\io\cucumber\gherkin\28.0.0\gherkin-28.0.0.jar;C:\Users\Rafael Pereira\.m2\repository\io\cucumber\messages\24.1.0\messages-24.1.0.jar;C:\Users\Rafael Pereira\.m2\repository\io\cucumber\testng-xml-formatter\0.2.0\testng-xml-formatter-0.2.0.jar;C:\Users\Rafael Pereira\.m2\repository\io\cucumber\query\12.2.0\query-12.2.0.jar;C:\Users\Rafael Pereira\.m2\repository\io\cucumber\tag-expressions\6.1.0\tag-expressions-6.1.0.jar;C:\Users\Rafael Pereira\.m2\repository\io\cucumber\cucumber-expressions\17.1.0\cucumber-expressions-17.1.0.jar;C:\Users\Rafael Pereira\.m2\repository\io\cucumber\cucumber-plugin\7.20.1\cucumber-plugin-7.20.1.jar;C:\Users\Rafael Pereira\.m2\repository\io\cucumber\docstring\7.20.1\docstring-7.20.1.jar;C:\Users\Rafael Pereira\.m2\repository\io\cucumber\html-formatter\21.7.0\html-formatter-21.7.0.jar;C:\Users\Rafael Pereira\.m2\repository\io\cucumber\junit-xml-formatter\0.5.0\junit-xml-formatter-0.5.0.jar;C:\Users\Rafael Pereira\.m2\repository\io\cucumber\ci-environment\10.0.1\ci-environment-10.0.1.jar;C:\Users\Rafael Pereira\.m2\repository\io\cucumber\cucumber-junit\7.20.1\cucumber-junit-7.20.1.jar;C:\Users\Rafael Pereira\.m2\repository\junit\junit\4.13.2\junit-4.13.2.jar;C:\Users\Rafael Pereira\.m2\repository\org\hamcrest\hamcrest-core\1.3\hamcrest-core-1.3.jar;C:\Users\Rafael Pereira\.m2\repository\io\cucumber\cucumber-picocontainer\7.20.1\cucumber-picocontainer-7.20.1.jar;C:\Users\Rafael Pereira\.m2\repository\org\picocontainer\picocontainer\2.15\picocontainer-2.15.jar;C:\Users\Rafael Pereira\.m2\repository\io\cucumber\datatable\7.20.1\datatable-7.20.1.jar;C:\Users\Rafael Pereira\.m2\repository\org\apache\logging\log4j\log4j-core\2.24.3\log4j-core-2.24.3.jar;C:\Users\Rafael Pereira\.m2\repository\org\apache\logging\log4j\log4j-api\2.24.3\log4j-api-2.24.3.jar;C:\Users\Rafael Pereira\.m2\repository\io\github\bonigarcia\webdrivermanager\5.9.2\webdrivermanager-5.9.2.jar;C:\Users\Rafael Pereira\.m2\repository\org\slf4j\slf4j-api\2.0.13\slf4j-api-2.0.13.jar;C:\Users\Rafael Pereira\.m2\repository\com\google\code\gson\gson\2.11.0\gson-2.11.0.jar;C:\Users\Rafael Pereira\.m2\repository\com\google\errorprone\error_prone_annotations\2.27.0\error_prone_annotations-2.27.0.jar;C:\Users\Rafael Pereira\.m2\repository\com\github\docker-java\docker-java\3.4.0\docker-java-3.4.0.jar;C:\Users\Rafael Pereira\.m2\repository\com\github\docker-java\docker-java-core\3.4.0\docker-java-core-3.4.0.jar;C:\Users\Rafael Pereira\.m2\repository\com\github\docker-java\docker-java-api\3.4.0\docker-java-api-3.4.0.jar;C:\Users\Rafael Pereira\.m2\repository\org\slf4j\jcl-over-slf4j\1.7.30\jcl-over-slf4j-1.7.30.jar;C:\Users\Rafael Pereira\.m2\repository\com\github\docker-java\docker-java-transport-httpclient5\3.4.0\docker-java-transport-httpclient5-3.4.0.jar;C:\Users\Rafael Pereira\.m2\repository\com\github\docker-java\docker-java-transport\3.4.0\docker-java-transport-3.4.0.jar;C:\Users\Rafael Pereira\.m2\repository\net\java\dev\jna\jna\5.13.0\jna-5.13.0.jar;C:\Users\Rafael Pereira\.m2\repository\org\brotli\dec\0.1.2\dec-0.1.2.jar;C:\Users\Rafael Pereira\.m2\repository\org\apache\commons\commons-lang3\3.15.0\commons-lang3-3.15.0.jar;C:\Users\Rafael Pereira\.m2\repository\org\apache\commons\commons-compress\1.26.2\commons-compress-1.26.2.jar;C:\Users\Rafael Pereira\.m2\repository\commons-codec\commons-codec\1.17.0\commons-codec-1.17.0.jar;C:\Users\Rafael Pereira\.m2\repository\commons-io\commons-io\2.16.1\commons-io-2.16.1.jar;C:\Users\Rafael Pereira\.m2\repository\org\apache\httpcomponents\client5\httpclient5\5.2.1\httpclient5-5.2.1.jar;C:\Users\Rafael Pereira\.m2\repository\org\apache\httpcomponents\core5\httpcore5\5.2\httpcore5-5.2.jar;C:\Users\Rafael Pereira\.m2\repository\org\apache\httpcomponents\core5\httpcore5-h2\5.2\httpcore5-h2-5.2.jar;C:\Users\Rafael Pereira\.m2\repository\io\qameta\allure\allure-cucumber7-jvm\2.29.1\allure-cucumber7-jvm-2.29.1.jar;C:\Users\Rafael Pereira\.m2\repository\io\qameta\allure\allure-java-commons\2.29.1\allure-java-commons-2.29.1.jar;C:\Users\Rafael Pereira\.m2\repository\io\qameta\allure\allure-model\2.29.1\allure-model-2.29.1.jar;C:\Users\Rafael Pereira\.m2\repository\io\qameta\allure\allure-junit5\2.29.1\allure-junit5-2.29.1.jar;C:\Users\Rafael Pereira\.m2\repository\io\qameta\allure\allure-junit-platform\2.29.1\allure-junit-platform-2.29.1.jar;C:\Users\Rafael Pereira\.m2\repository\org\junit\platform\junit-platform-launcher\1.10.3\junit-platform-launcher-1.10.3.jar;C:\Users\Rafael Pereira\.m2\repository\org\junit\platform\junit-platform-engine\1.10.3\junit-platform-engine-1.10.3.jar;C:\Users\Rafael Pereira\.m2\repository\io\qameta\allure\allure-test-filter\2.29.1\allure-test-filter-2.29.1.jar;C:\Users\Rafael Pereira\.m2\repository\net\masterthought\maven-cucumber-reporting\5.8.5\maven-cucumber-reporting-5.8.5.jar;C:\Users\Rafael Pereira\.m2\repository\org\apache\commons\commons-collections4\4.5.0-M3\commons-collections4-4.5.0-M3.jar;C:\Users\Rafael Pereira\.m2\repository\org\codehaus\plexus\plexus-utils\4.0.2\plexus-utils-4.0.2.jar;C:\Users\Rafael Pereira\.m2\repository\net\masterthought\cucumber-reporting\5.8.4\cucumber-reporting-5.8.4.jar;C:\Users\Rafael Pereira\.m2\repository\com\fasterxml\jackson\core\jackson-databind\2.18.1\jackson-databind-2.18.1.jar;C:\Users\Rafael Pereira\.m2\repository\com\fasterxml\jackson\core\jackson-annotations\2.18.1\jackson-annotations-2.18.1.jar;C:\Users\Rafael Pereira\.m2\repository\com\fasterxml\jackson\core\jackson-core\2.18.1\jackson-core-2.18.1.jar;C:\Users\Rafael Pereira\.m2\repository\com\fasterxml\jackson\datatype\jackson-datatype-jsr310\2.18.1\jackson-datatype-jsr310-2.18.1.jar;C:\Users\Rafael Pereira\.m2\repository\org\apache\velocity\velocity-engine-core\2.4.1\velocity-engine-core-2.4.1.jar;C:\Users\Rafael Pereira\.m2\repository\joda-time\joda-time\2.13.0\joda-time-2.13.0.jar;C:\Users\Rafael Pereira\.m2\repository\org\apache\commons\commons-configuration2\2.11.0\commons-configuration2-2.11.0.jar;C:\Users\Rafael Pereira\.m2\repository\org\apache\commons\commons-text\1.12.0\commons-text-1.12.0.jar;C:\Users\Rafael Pereira\.m2\repository\org\jsoup\jsoup\1.18.1\jsoup-1.18.1.jar;C:\Users\Rafael Pereira\.m2\repository\com\googlecode\owasp-java-html-sanitizer\owasp-java-html-sanitizer\20240325.1\owasp-java-html-sanitizer-20240325.1.jar;C:\Users\Rafael Pereira\.m2\repository\com\googlecode\owasp-java-html-sanitizer\java8-shim\20240325.1\java8-shim-20240325.1.jar;C:\Users\Rafael Pereira\.m2\repository\com\googlecode\owasp-java-html-sanitizer\java10-shim\20240325.1\java10-shim-20240325.1.jar;C:\Users\Rafael Pereira\.m2\repository\org\aspectj\aspectjweaver\1.9.22.1\aspectjweaver-1.9.22.1.jar;"/>
    <property name="java.vm.vendor" value="Oracle Corporation"/>
    <property name="sun.arch.data.model" value="64"/>
    <property name="user.variant" value=""/>
    <property name="java.vendor.url" value="https://java.oracle.com/"/>
    <property name="user.timezone" value="Europe/Paris"/>
    <property name="os.name" value="Windows 10"/>
    <property name="java.vm.specification.version" value="21"/>
    <property name="sun.java.launcher" value="SUN_STANDARD"/>
    <property name="user.country" value="US"/>
    <property name="sun.boot.library.path" value="C:\Rafael\Tools\Java\jdk-21\bin"/>
    <property name="sun.java.command" value="C:\Users\Rafael Pereira\AppData\Local\Temp\surefire16851278946643608557\surefirebooter-20250202231835667_3.jar C:\Users\Rafael Pereira\AppData\Local\Temp\surefire16851278946643608557 2025-02-02T23-18-35_457-jvmRun1 surefire-20250202231835667_1tmp surefire_0-20250202231835667_2tmp"/>
    <property name="jdk.debug" value="release"/>
    <property name="surefire.test.class.path" value="C:\Rafael\Projetos Novos\NaoGitHub\DESAFIOS\Java\IntelliJ\BKP\Calkoo\target\test-classes;C:\Rafael\Projetos Novos\NaoGitHub\DESAFIOS\Java\IntelliJ\BKP\Calkoo\target\classes;C:\Users\Rafael Pereira\.m2\repository\org\seleniumhq\selenium\selenium-java\4.28.1\selenium-java-4.28.1.jar;C:\Users\Rafael Pereira\.m2\repository\org\seleniumhq\selenium\selenium-api\4.28.1\selenium-api-4.28.1.jar;C:\Users\Rafael Pereira\.m2\repository\org\jspecify\jspecify\1.0.0\jspecify-1.0.0.jar;C:\Users\Rafael Pereira\.m2\repository\org\seleniumhq\selenium\selenium-chrome-driver\4.28.1\selenium-chrome-driver-4.28.1.jar;C:\Users\Rafael Pereira\.m2\repository\com\google\auto\service\auto-service-annotations\1.1.1\auto-service-annotations-1.1.1.jar;C:\Users\Rafael Pereira\.m2\repository\org\seleniumhq\selenium\selenium-chromium-driver\4.28.1\selenium-chromium-driver-4.28.1.jar;C:\Users\Rafael Pereira\.m2\repository\org\seleniumhq\selenium\selenium-json\4.28.1\selenium-json-4.28.1.jar;C:\Users\Rafael Pereira\.m2\repository\org\seleniumhq\selenium\selenium-manager\4.28.1\selenium-manager-4.28.1.jar;C:\Users\Rafael Pereira\.m2\repository\org\seleniumhq\selenium\selenium-devtools-v130\4.28.1\selenium-devtools-v130-4.28.1.jar;C:\Users\Rafael Pereira\.m2\repository\org\seleniumhq\selenium\selenium-devtools-v131\4.28.1\selenium-devtools-v131-4.28.1.jar;C:\Users\Rafael Pereira\.m2\repository\org\seleniumhq\selenium\selenium-devtools-v132\4.28.1\selenium-devtools-v132-4.28.1.jar;C:\Users\Rafael Pereira\.m2\repository\org\seleniumhq\selenium\selenium-devtools-v85\4.28.1\selenium-devtools-v85-4.28.1.jar;C:\Users\Rafael Pereira\.m2\repository\org\seleniumhq\selenium\selenium-edge-driver\4.28.1\selenium-edge-driver-4.28.1.jar;C:\Users\Rafael Pereira\.m2\repository\org\seleniumhq\selenium\selenium-firefox-driver\4.28.1\selenium-firefox-driver-4.28.1.jar;C:\Users\Rafael Pereira\.m2\repository\org\seleniumhq\selenium\selenium-http\4.28.1\selenium-http-4.28.1.jar;C:\Users\Rafael Pereira\.m2\repository\org\seleniumhq\selenium\selenium-ie-driver\4.28.1\selenium-ie-driver-4.28.1.jar;C:\Users\Rafael Pereira\.m2\repository\org\seleniumhq\selenium\selenium-remote-driver\4.28.1\selenium-remote-driver-4.28.1.jar;C:\Users\Rafael Pereira\.m2\repository\com\google\guava\guava\33.4.0-jre\guava-33.4.0-jre.jar;C:\Users\Rafael Pereira\.m2\repository\com\google\guava\failureaccess\1.0.2\failureaccess-1.0.2.jar;C:\Users\Rafael Pereira\.m2\repository\com\google\guava\listenablefuture\9999.0-empty-to-avoid-conflict-with-guava\listenablefuture-9999.0-empty-to-avoid-conflict-with-guava.jar;C:\Users\Rafael Pereira\.m2\repository\com\google\code\findbugs\jsr305\3.0.2\jsr305-3.0.2.jar;C:\Users\Rafael Pereira\.m2\repository\org\checkerframework\checker-qual\3.43.0\checker-qual-3.43.0.jar;C:\Users\Rafael Pereira\.m2\repository\com\google\j2objc\j2objc-annotations\3.0.0\j2objc-annotations-3.0.0.jar;C:\Users\Rafael Pereira\.m2\repository\io\opentelemetry\semconv\opentelemetry-semconv\1.28.0-alpha\opentelemetry-semconv-1.28.0-alpha.jar;C:\Users\Rafael Pereira\.m2\repository\io\opentelemetry\opentelemetry-api\1.46.0\opentelemetry-api-1.46.0.jar;C:\Users\Rafael Pereira\.m2\repository\io\opentelemetry\opentelemetry-context\1.46.0\opentelemetry-context-1.46.0.jar;C:\Users\Rafael Pereira\.m2\repository\io\opentelemetry\opentelemetry-exporter-logging\1.46.0\opentelemetry-exporter-logging-1.46.0.jar;C:\Users\Rafael Pereira\.m2\repository\io\opentelemetry\opentelemetry-sdk-common\1.46.0\opentelemetry-sdk-common-1.46.0.jar;C:\Users\Rafael Pereira\.m2\repository\io\opentelemetry\opentelemetry-sdk-extension-autoconfigure-spi\1.46.0\opentelemetry-sdk-extension-autoconfigure-spi-1.46.0.jar;C:\Users\Rafael Pereira\.m2\repository\io\opentelemetry\opentelemetry-sdk-extension-autoconfigure\1.46.0\opentelemetry-sdk-extension-autoconfigure-1.46.0.jar;C:\Users\Rafael Pereira\.m2\repository\io\opentelemetry\opentelemetry-api-incubator\1.46.0-alpha\opentelemetry-api-incubator-1.46.0-alpha.jar;C:\Users\Rafael Pereira\.m2\repository\io\opentelemetry\opentelemetry-sdk-trace\1.46.0\opentelemetry-sdk-trace-1.46.0.jar;C:\Users\Rafael Pereira\.m2\repository\io\opentelemetry\opentelemetry-sdk\1.46.0\opentelemetry-sdk-1.46.0.jar;C:\Users\Rafael Pereira\.m2\repository\io\opentelemetry\opentelemetry-sdk-metrics\1.46.0\opentelemetry-sdk-metrics-1.46.0.jar;C:\Users\Rafael Pereira\.m2\repository\io\opentelemetry\opentelemetry-sdk-logs\1.46.0\opentelemetry-sdk-logs-1.46.0.jar;C:\Users\Rafael Pereira\.m2\repository\net\bytebuddy\byte-buddy\1.15.11\byte-buddy-1.15.11.jar;C:\Users\Rafael Pereira\.m2\repository\org\seleniumhq\selenium\selenium-os\4.28.1\selenium-os-4.28.1.jar;C:\Users\Rafael Pereira\.m2\repository\org\apache\commons\commons-exec\1.4.0\commons-exec-1.4.0.jar;C:\Users\Rafael Pereira\.m2\repository\org\seleniumhq\selenium\selenium-safari-driver\4.28.1\selenium-safari-driver-4.28.1.jar;C:\Users\Rafael Pereira\.m2\repository\org\seleniumhq\selenium\selenium-support\4.28.1\selenium-support-4.28.1.jar;C:\Users\Rafael Pereira\.m2\repository\org\junit\jupiter\junit-jupiter-api\5.11.4\junit-jupiter-api-5.11.4.jar;C:\Users\Rafael Pereira\.m2\repository\org\opentest4j\opentest4j\1.3.0\opentest4j-1.3.0.jar;C:\Users\Rafael Pereira\.m2\repository\org\junit\platform\junit-platform-commons\1.11.4\junit-platform-commons-1.11.4.jar;C:\Users\Rafael Pereira\.m2\repository\org\apiguardian\apiguardian-api\1.1.2\apiguardian-api-1.1.2.jar;C:\Users\Rafael Pereira\.m2\repository\io\cucumber\cucumber-java\7.20.1\cucumber-java-7.20.1.jar;C:\Users\Rafael Pereira\.m2\repository\io\cucumber\cucumber-core\7.20.1\cucumber-core-7.20.1.jar;C:\Users\Rafael Pereira\.m2\repository\io\cucumber\cucumber-gherkin\7.20.1\cucumber-gherkin-7.20.1.jar;C:\Users\Rafael Pereira\.m2\repository\io\cucumber\cucumber-gherkin-messages\7.20.1\cucumber-gherkin-messages-7.20.1.jar;C:\Users\Rafael Pereira\.m2\repository\io\cucumber\gherkin\28.0.0\gherkin-28.0.0.jar;C:\Users\Rafael Pereira\.m2\repository\io\cucumber\messages\24.1.0\messages-24.1.0.jar;C:\Users\Rafael Pereira\.m2\repository\io\cucumber\testng-xml-formatter\0.2.0\testng-xml-formatter-0.2.0.jar;C:\Users\Rafael Pereira\.m2\repository\io\cucumber\query\12.2.0\query-12.2.0.jar;C:\Users\Rafael Pereira\.m2\repository\io\cucumber\tag-expressions\6.1.0\tag-expressions-6.1.0.jar;C:\Users\Rafael Pereira\.m2\repository\io\cucumber\cucumber-expressions\17.1.0\cucumber-expressions-17.1.0.jar;C:\Users\Rafael Pereira\.m2\repository\io\cucumber\cucumber-plugin\7.20.1\cucumber-plugin-7.20.1.jar;C:\Users\Rafael Pereira\.m2\repository\io\cucumber\docstring\7.20.1\docstring-7.20.1.jar;C:\Users\Rafael Pereira\.m2\repository\io\cucumber\html-formatter\21.7.0\html-formatter-21.7.0.jar;C:\Users\Rafael Pereira\.m2\repository\io\cucumber\junit-xml-formatter\0.5.0\junit-xml-formatter-0.5.0.jar;C:\Users\Rafael Pereira\.m2\repository\io\cucumber\ci-environment\10.0.1\ci-environment-10.0.1.jar;C:\Users\Rafael Pereira\.m2\repository\io\cucumber\cucumber-junit\7.20.1\cucumber-junit-7.20.1.jar;C:\Users\Rafael Pereira\.m2\repository\junit\junit\4.13.2\junit-4.13.2.jar;C:\Users\Rafael Pereira\.m2\repository\org\hamcrest\hamcrest-core\1.3\hamcrest-core-1.3.jar;C:\Users\Rafael Pereira\.m2\repository\io\cucumber\cucumber-picocontainer\7.20.1\cucumber-picocontainer-7.20.1.jar;C:\Users\Rafael Pereira\.m2\repository\org\picocontainer\picocontainer\2.15\picocontainer-2.15.jar;C:\Users\Rafael Pereira\.m2\repository\io\cucumber\datatable\7.20.1\datatable-7.20.1.jar;C:\Users\Rafael Pereira\.m2\repository\org\apache\logging\log4j\log4j-core\2.24.3\log4j-core-2.24.3.jar;C:\Users\Rafael Pereira\.m2\repository\org\apache\logging\log4j\log4j-api\2.24.3\log4j-api-2.24.3.jar;C:\Users\Rafael Pereira\.m2\repository\io\github\bonigarcia\webdrivermanager\5.9.2\webdrivermanager-5.9.2.jar;C:\Users\Rafael Pereira\.m2\repository\org\slf4j\slf4j-api\2.0.13\slf4j-api-2.0.13.jar;C:\Users\Rafael Pereira\.m2\repository\com\google\code\gson\gson\2.11.0\gson-2.11.0.jar;C:\Users\Rafael Pereira\.m2\repository\com\google\errorprone\error_prone_annotations\2.27.0\error_prone_annotations-2.27.0.jar;C:\Users\Rafael Pereira\.m2\repository\com\github\docker-java\docker-java\3.4.0\docker-java-3.4.0.jar;C:\Users\Rafael Pereira\.m2\repository\com\github\docker-java\docker-java-core\3.4.0\docker-java-core-3.4.0.jar;C:\Users\Rafael Pereira\.m2\repository\com\github\docker-java\docker-java-api\3.4.0\docker-java-api-3.4.0.jar;C:\Users\Rafael Pereira\.m2\repository\org\slf4j\jcl-over-slf4j\1.7.30\jcl-over-slf4j-1.7.30.jar;C:\Users\Rafael Pereira\.m2\repository\com\github\docker-java\docker-java-transport-httpclient5\3.4.0\docker-java-transport-httpclient5-3.4.0.jar;C:\Users\Rafael Pereira\.m2\repository\com\github\docker-java\docker-java-transport\3.4.0\docker-java-transport-3.4.0.jar;C:\Users\Rafael Pereira\.m2\repository\net\java\dev\jna\jna\5.13.0\jna-5.13.0.jar;C:\Users\Rafael Pereira\.m2\repository\org\brotli\dec\0.1.2\dec-0.1.2.jar;C:\Users\Rafael Pereira\.m2\repository\org\apache\commons\commons-lang3\3.15.0\commons-lang3-3.15.0.jar;C:\Users\Rafael Pereira\.m2\repository\org\apache\commons\commons-compress\1.26.2\commons-compress-1.26.2.jar;C:\Users\Rafael Pereira\.m2\repository\commons-codec\commons-codec\1.17.0\commons-codec-1.17.0.jar;C:\Users\Rafael Pereira\.m2\repository\commons-io\commons-io\2.16.1\commons-io-2.16.1.jar;C:\Users\Rafael Pereira\.m2\repository\org\apache\httpcomponents\client5\httpclient5\5.2.1\httpclient5-5.2.1.jar;C:\Users\Rafael Pereira\.m2\repository\org\apache\httpcomponents\core5\httpcore5\5.2\httpcore5-5.2.jar;C:\Users\Rafael Pereira\.m2\repository\org\apache\httpcomponents\core5\httpcore5-h2\5.2\httpcore5-h2-5.2.jar;C:\Users\Rafael Pereira\.m2\repository\io\qameta\allure\allure-cucumber7-jvm\2.29.1\allure-cucumber7-jvm-2.29.1.jar;C:\Users\Rafael Pereira\.m2\repository\io\qameta\allure\allure-java-commons\2.29.1\allure-java-commons-2.29.1.jar;C:\Users\Rafael Pereira\.m2\repository\io\qameta\allure\allure-model\2.29.1\allure-model-2.29.1.jar;C:\Users\Rafael Pereira\.m2\repository\io\qameta\allure\allure-junit5\2.29.1\allure-junit5-2.29.1.jar;C:\Users\Rafael Pereira\.m2\repository\io\qameta\allure\allure-junit-platform\2.29.1\allure-junit-platform-2.29.1.jar;C:\Users\Rafael Pereira\.m2\repository\org\junit\platform\junit-platform-launcher\1.10.3\junit-platform-launcher-1.10.3.jar;C:\Users\Rafael Pereira\.m2\repository\org\junit\platform\junit-platform-engine\1.10.3\junit-platform-engine-1.10.3.jar;C:\Users\Rafael Pereira\.m2\repository\io\qameta\allure\allure-test-filter\2.29.1\allure-test-filter-2.29.1.jar;C:\Users\Rafael Pereira\.m2\repository\net\masterthought\maven-cucumber-reporting\5.8.5\maven-cucumber-reporting-5.8.5.jar;C:\Users\Rafael Pereira\.m2\repository\org\apache\commons\commons-collections4\4.5.0-M3\commons-collections4-4.5.0-M3.jar;C:\Users\Rafael Pereira\.m2\repository\org\codehaus\plexus\plexus-utils\4.0.2\plexus-utils-4.0.2.jar;C:\Users\Rafael Pereira\.m2\repository\net\masterthought\cucumber-reporting\5.8.4\cucumber-reporting-5.8.4.jar;C:\Users\Rafael Pereira\.m2\repository\com\fasterxml\jackson\core\jackson-databind\2.18.1\jackson-databind-2.18.1.jar;C:\Users\Rafael Pereira\.m2\repository\com\fasterxml\jackson\core\jackson-annotations\2.18.1\jackson-annotations-2.18.1.jar;C:\Users\Rafael Pereira\.m2\repository\com\fasterxml\jackson\core\jackson-core\2.18.1\jackson-core-2.18.1.jar;C:\Users\Rafael Pereira\.m2\repository\com\fasterxml\jackson\datatype\jackson-datatype-jsr310\2.18.1\jackson-datatype-jsr310-2.18.1.jar;C:\Users\Rafael Pereira\.m2\repository\org\apache\velocity\velocity-engine-core\2.4.1\velocity-engine-core-2.4.1.jar;C:\Users\Rafael Pereira\.m2\repository\joda-time\joda-time\2.13.0\joda-time-2.13.0.jar;C:\Users\Rafael Pereira\.m2\repository\org\apache\commons\commons-configuration2\2.11.0\commons-configuration2-2.11.0.jar;C:\Users\Rafael Pereira\.m2\repository\org\apache\commons\commons-text\1.12.0\commons-text-1.12.0.jar;C:\Users\Rafael Pereira\.m2\repository\org\jsoup\jsoup\1.18.1\jsoup-1.18.1.jar;C:\Users\Rafael Pereira\.m2\repository\com\googlecode\owasp-java-html-sanitizer\owasp-java-html-sanitizer\20240325.1\owasp-java-html-sanitizer-20240325.1.jar;C:\Users\Rafael Pereira\.m2\repository\com\googlecode\owasp-java-html-sanitizer\java8-shim\20240325.1\java8-shim-20240325.1.jar;C:\Users\Rafael Pereira\.m2\repository\com\googlecode\owasp-java-html-sanitizer\java10-shim\20240325.1\java10-shim-20240325.1.jar;C:\Users\Rafael Pereira\.m2\repository\org\aspectj\aspectjweaver\1.9.22.1\aspectjweaver-1.9.22.1.jar;"/>
    <property name="sun.cpu.endian" value="little"/>
    <property name="user.home" value="C:\Users\Rafael Pereira"/>
    <property name="user.language" value="en"/>
    <property name="java.specification.vendor" value="Oracle Corporation"/>
    <property name="java.version.date" value="2024-01-16"/>
    <property name="java.home" value="C:\Rafael\Tools\Java\jdk-21"/>
    <property name="file.separator" value="\"/>
    <property name="basedir" value="C:\Rafael\Projetos Novos\NaoGitHub\DESAFIOS\Java\IntelliJ\BKP\Calkoo"/>
    <property name="java.vm.compressedOopsMode" value="Zero based"/>
    <property name="line.separator" value="&#10;"/>
    <property name="java.vm.specification.vendor" value="Oracle Corporation"/>
    <property name="java.specification.name" value="Java Platform API Specification"/>
    <property name="surefire.real.class.path" value="C:\Users\Rafael Pereira\AppData\Local\Temp\surefire16851278946643608557\surefirebooter-20250202231835667_3.jar"/>
    <property name="user.script" value=""/>
    <property name="sun.management.compiler" value="HotSpot 64-Bit Tiered Compilers"/>
    <property name="java.runtime.version" value="21.0.2+13-LTS-58"/>
    <property name="user.name" value="Rafael Pereira"/>
    <property name="stdout.encoding" value="Cp1252"/>
    <property name="path.separator" value=";"/>
    <property name="os.version" value="10.0"/>
    <property name="java.runtime.name" value="Java(TM) SE Runtime Environment"/>
    <property name="file.encoding" value="UTF-8"/>
    <property name="java.vm.name" value="Java HotSpot(TM) 64-Bit Server VM"/>
    <property name="localRepository" value="C:\Users\Rafael Pereira\.m2\repository"/>
    <property name="java.vendor.url.bug" value="https://bugreport.java.com/bugreport/"/>
    <property name="java.io.tmpdir" value="C:\Users\RAFAEL~1\AppData\Local\Temp\"/>
    <property name="java.version" value="21.0.2"/>
    <property name="user.dir" value="C:\Rafael\Projetos Novos\NaoGitHub\DESAFIOS\Java\IntelliJ\BKP\Calkoo"/>
    <property name="os.arch" value="amd64"/>
    <property name="java.vm.specification.name" value="Java Virtual Machine Specification"/>
    <property name="sun.os.patch.level" value=""/>
    <property name="native.encoding" value="Cp1252"/>
    <property name="java.library.path" value="C:\Rafael\Tools\Java\jdk-21\bin;C:\Windows\Sun\Java\bin;C:\Windows\system32;C:\Windows;C:\Rafael\Tools\Java\jdk-21\bin;C:\Program Files\Common Files\Oracle\Java\javapath;C:\Program Files (x86)\Common Files\Oracle\Java\java8path;C:\Program Files (x86)\Common Files\Oracle\Java\javapath;C:\Program Files (x86)\Intel\iCLS Client\;C:\Program Files\Intel\iCLS Client\;C:\Windows\system32;C:\Windows;C:\Windows\System32\Wbem;C:\Windows\System32\WindowsPowerShell\v1.0\;C:\Windows\System32\OpenSSH\;C:\Program Files (x86)\Intel\Intel(R) Management Engine Components\DAL;C:\Program Files\Intel\Intel(R) Management Engine Components\DAL;C:\Program Files (x86)\Intel\Intel(R) Management Engine Components\IPT;C:\Program Files\Intel\Intel(R) Management Engine Components\IPT;C:\Rafael\Tools\Drivers\Chrome Driver;C:\Users\Rafael Pereira\AppData\Local\rasjani\WebDriverManager\bin;C:\Program Files\Docker\Docker\resources\bin;C:\Rafael\Tools\apache-maven-3.9.2\bin;C:\Users\Rafael Pereira\AppData\Local\Android\Sdk\platform-tools;C:\Users\Rafael Pereira\AppData\Local\Android\Sdk\emulator;C:\Users\Rafael Pereira\AppData\Local\Android\Sdk\tools\bin;C:\Rafael\Tools\Gradle\gradle-8.4\bin;C:\Program Files\dotnet\;C:\Rafael\Tools\nodejs\;C:\Program Files\PuTTY\;C:\Rafael\Tools\Git\cmd;C:\Rafael\Tools\Python\Python313\Scripts\;C:\Rafael\Tools\Python\Python313\;C:\Rafael\Tools\Python\Python311\Scripts\;C:\Rafael\Tools\Python\Python311\;C:\Users\Rafael Pereira\AppData\Local\Microsoft\WindowsApps;C:\Rafael\Tools\Microsoft VS Code\bin;C:\Rafael\Tools\JetBrains\PyCharm Community Edition 2023.1.2\bin;;C:\Users\Rafael Pereira\.dotnet\tools;C:\Users\Rafael Pereira\AppData\Local\Microsoft\WinGet\Packages\Schniz.fnm_Microsoft.Winget.Source_8wekyb3d8bbwe;C:\Users\Rafael Pereira\AppData\Roaming\npm;."/>
    <property name="java.vm.info" value="mixed mode, sharing"/>
    <property name="stderr.encoding" value="Cp1252"/>
    <property name="java.vendor" value="Oracle Corporation"/>
    <property name="java.vm.version" value="21.0.2+13-LTS-58"/>
    <property name="sun.io.unicode.encoding" value="UnicodeLittle"/>
    <property name="java.class.version" value="65.0"/>
  </properties>
  <testcase name="Validate selected country and VAT rate" classname="Vat Calculator" time="8.88">
    <system-out><![CDATA[
Scenario: Validate selected country and VAT rate &amp#27;[90m# src/test/resources/features/vat_calculator.feature:2&amp#27;[0m
2025-02-02T22:18:38.267047700Z main INFO Starting configuration XmlConfiguration[location=C:\Rafael\Projetos Novos\NaoGitHub\DESAFIOS\Java\IntelliJ\BKP\Calkoo\target\test-classes\log4j2.xml, lastModified=2025-02-02T03:01:36.539Z]...
2025-02-02T22:18:38.269048600Z main INFO Start watching for changes to C:\Rafael\Projetos Novos\NaoGitHub\DESAFIOS\Java\IntelliJ\BKP\Calkoo\target\test-classes\log4j2.xml every 0 seconds
2025-02-02T22:18:38.269048600Z main INFO Configuration XmlConfiguration[location=C:\Rafael\Projetos Novos\NaoGitHub\DESAFIOS\Java\IntelliJ\BKP\Calkoo\target\test-classes\log4j2.xml, lastModified=2025-02-02T03:01:36.539Z] started.
2025-02-02T22:18:38.272052Z main INFO Stopping configuration org.apache.logging.log4j.core.config.DefaultConfiguration@53ac845a...
2025-02-02T22:18:38.272052Z main INFO Configuration org.apache.logging.log4j.core.config.DefaultConfiguration@53ac845a stopped.
2025-02-02 23:18:41 INFO  Steps:68 - Clicked the 'Consent' button.
2025-02-02 23:18:41 INFO  Steps:72 - Clicked the 'I Accept!' button.
  &amp#27;[32mGiven &amp#27;[0m&amp#27;[32mI am on the VAT Calculator page&amp#27;[0m          &amp#27;[90m# com.calkoo.steps.Steps.i_am_on_the_VAT_Calculator_page()&amp#27;[0m
2025-02-02 23:18:44 INFO  Steps:81 - Selected country: Portugal
  &amp#27;[32mWhen &amp#27;[0m&amp#27;[32mI select a country &amp#27;[0m&amp#27;[32m&amp#27;[1m"Portugal"&amp#27;[0m             &amp#27;[90m# com.calkoo.steps.Steps.i_select_a_country(java.lang.String)&amp#27;[0m
2025-02-02 23:18:45 INFO  Steps:87 - Selected VAT rate: 23%
  &amp#27;[32mAnd &amp#27;[0m&amp#27;[32mI select a VAT rate &amp#27;[0m&amp#27;[32m&amp#27;[1m"23%"&amp#27;[0m                  &amp#27;[90m# com.calkoo.steps.Steps.i_select_a_VAT_rate(java.lang.String)&amp#27;[0m
2025-02-02 23:18:46 INFO  Steps:100 - Verified selected country: Portugal
  &amp#27;[32mThen &amp#27;[0m&amp#27;[32mthe selected country should be &amp#27;[0m&amp#27;[32m&amp#27;[1m"Portugal"&amp#27;[0m &amp#27;[90m# com.calkoo.steps.Steps.the_selected_country_should_be(java.lang.String)&amp#27;[0m
2025-02-02 23:18:46 INFO  Steps:107 - Verified selected VAT rate: 23%
  &amp#27;[32mAnd &amp#27;[0m&amp#27;[32mthe selected VAT rate should be &amp#27;[0m&amp#27;[32m&amp#27;[1m"23%"&amp#27;[0m      &amp#27;[90m# com.calkoo.steps.Steps.the_selected_VAT_rate_should_be(java.lang.String)&amp#27;[0m
2025-02-02 23:18:46 INFO  Steps:148 - Browser closed.
]]></system-out>
    <system-err><![CDATA[SLF4J(W): No SLF4J providers were found.
SLF4J(W): Defaulting to no-operation (NOP) logger implementation
SLF4J(W): See https://www.slf4j.org/codes.html#noProviders for further details.
]]></system-err>
  </testcase>
  <testcase name="Verify that the user can choose a valid VAT rate for the selected country" classname="Vat Calculator" time="6.621">
    <system-out><![CDATA[
Scenario: Verify that the user can choose a valid VAT rate for the selected country &amp#27;[90m# src/test/resources/features/vat_calculator.feature:9&amp#27;[0m
2025-02-02 23:18:49 INFO  Steps:68 - Clicked the 'Consent' button.
2025-02-02 23:18:49 INFO  Steps:72 - Clicked the 'I Accept!' button.
  &amp#27;[32mGiven &amp#27;[0m&amp#27;[32mI am on the VAT Calculator page&amp#27;[0m                                             &amp#27;[90m# com.calkoo.steps.Steps.i_am_on_the_VAT_Calculator_page()&amp#27;[0m
2025-02-02 23:18:52 INFO  Steps:81 - Selected country: Germany
  &amp#27;[32mWhen &amp#27;[0m&amp#27;[32mI select a country &amp#27;[0m&amp#27;[32m&amp#27;[1m"Germany"&amp#27;[0m                                                 &amp#27;[90m# com.calkoo.steps.Steps.i_select_a_country(java.lang.String)&amp#27;[0m
2025-02-02 23:18:52 INFO  Steps:93 - Selected other VAT rate: 19%
  &amp#27;[32mAnd &amp#27;[0m&amp#27;[32mI select other VAT rate &amp#27;[0m&amp#27;[32m&amp#27;[1m"19%"&amp#27;[0m                                                 &amp#27;[90m# com.calkoo.steps.Steps.i_select_other_VAT_rate(java.lang.String)&amp#27;[0m
2025-02-02 23:18:52 INFO  Steps:114 - Verified VAT rate is displayed correctly.
  &amp#27;[32mThen &amp#27;[0m&amp#27;[32mthe selected VAT rate should be displayed correctly in the calculator&amp#27;[0m        &amp#27;[90m# com.calkoo.steps.Steps.the_selected_VAT_rate_should_be_displayed_correctly_in_the_calculator()&amp#27;[0m
2025-02-02 23:18:52 INFO  Steps:120 - Entered Net amount: 100
  &amp#27;[32mWhen &amp#27;[0m&amp#27;[32mI enter the Net amount &amp#27;[0m&amp#27;[32m&amp#27;[1m"100"&amp#27;[0m                                                 &amp#27;[90m# com.calkoo.steps.Steps.i_enter_the_Net_amount(java.lang.String)&amp#27;[0m
2025-02-02 23:18:52 INFO  Steps:126 - Expected Gross amount: 119.0
2025-02-02 23:18:52 INFO  Steps:127 - Actual Gross amount: 119.0
  &amp#27;[32mThen &amp#27;[0m&amp#27;[32mthe calculated Gross amount should be &amp#27;[0m&amp#27;[32m&amp#27;[1m"119.0"&amp#27;[0m                                &amp#27;[90m# com.calkoo.steps.Steps.the_calculated_Gross_amount_should_be(java.lang.String)&amp#27;[0m
2025-02-02 23:18:52 INFO  Steps:134 - Verified VAT amount: 19
  &amp#27;[32mAnd &amp#27;[0m&amp#27;[32mthe calculated VAT amount should be &amp#27;[0m&amp#27;[32m&amp#27;[1m"19"&amp#27;[0m                                      &amp#27;[90m# com.calkoo.steps.Steps.the_calculated_VAT_amount_should_be(java.lang.String)&amp#27;[0m
2025-02-02 23:18:53 INFO  Steps:148 - Browser closed.
]]></system-out>
  </testcase>
  <testcase name="Validate VAT calculations #1" classname="Vat Calculator" time="7.005">
    <system-out><![CDATA[
Scenario Outline: Validate VAT calculations          &amp#27;[90m# src/test/resources/features/vat_calculator.feature:28&amp#27;[0m
2025-02-02 23:18:56 INFO  Steps:68 - Clicked the 'Consent' button.
2025-02-02 23:18:56 INFO  Steps:72 - Clicked the 'I Accept!' button.
  &amp#27;[32mGiven &amp#27;[0m&amp#27;[32mI am on the VAT Calculator page&amp#27;[0m              &amp#27;[90m# com.calkoo.steps.Steps.i_am_on_the_VAT_Calculator_page()&amp#27;[0m
2025-02-02 23:18:59 INFO  Steps:81 - Selected country: Germany
  &amp#27;[32mWhen &amp#27;[0m&amp#27;[32mI select a country &amp#27;[0m&amp#27;[32m&amp#27;[1m"Germany"&amp#27;[0m                  &amp#27;[90m# com.calkoo.steps.Steps.i_select_a_country(java.lang.String)&amp#27;[0m
2025-02-02 23:18:59 INFO  Steps:87 - Selected VAT rate: 19%
  &amp#27;[32mAnd &amp#27;[0m&amp#27;[32mI select a VAT rate &amp#27;[0m&amp#27;[32m&amp#27;[1m"19%"&amp#27;[0m                      &amp#27;[90m# com.calkoo.steps.Steps.i_select_a_VAT_rate(java.lang.String)&amp#27;[0m
2025-02-02 23:18:59 INFO  Steps:120 - Entered Net amount: 100
  &amp#27;[32mAnd &amp#27;[0m&amp#27;[32mI enter the Net amount &amp#27;[0m&amp#27;[32m&amp#27;[1m"100"&amp#27;[0m                   &amp#27;[90m# com.calkoo.steps.Steps.i_enter_the_Net_amount(java.lang.String)&amp#27;[0m
2025-02-02 23:18:59 INFO  Steps:126 - Expected Gross amount: 119.0
2025-02-02 23:18:59 INFO  Steps:127 - Actual Gross amount: 119.0
  &amp#27;[32mThen &amp#27;[0m&amp#27;[32mthe calculated Gross amount should be &amp#27;[0m&amp#27;[32m&amp#27;[1m"119.0"&amp#27;[0m &amp#27;[90m# com.calkoo.steps.Steps.the_calculated_Gross_amount_should_be(java.lang.String)&amp#27;[0m
2025-02-02 23:18:59 INFO  Steps:134 - Verified VAT amount: 19
  &amp#27;[32mAnd &amp#27;[0m&amp#27;[32mthe calculated VAT amount should be &amp#27;[0m&amp#27;[32m&amp#27;[1m"19"&amp#27;[0m       &amp#27;[90m# com.calkoo.steps.Steps.the_calculated_VAT_amount_should_be(java.lang.String)&amp#27;[0m
2025-02-02 23:19:00 INFO  Steps:148 - Browser closed.
]]></system-out>
  </testcase>
  <testcase name="Validate VAT calculations #2" classname="Vat Calculator" time="6.664">
    <system-out><![CDATA[
Scenario Outline: Validate VAT calculations          &amp#27;[90m# src/test/resources/features/vat_calculator.feature:29&amp#27;[0m
2025-02-02 23:19:03 INFO  Steps:68 - Clicked the 'Consent' button.
2025-02-02 23:19:03 INFO  Steps:72 - Clicked the 'I Accept!' button.
  &amp#27;[32mGiven &amp#27;[0m&amp#27;[32mI am on the VAT Calculator page&amp#27;[0m              &amp#27;[90m# com.calkoo.steps.Steps.i_am_on_the_VAT_Calculator_page()&amp#27;[0m
2025-02-02 23:19:06 INFO  Steps:81 - Selected country: Portugal
  &amp#27;[32mWhen &amp#27;[0m&amp#27;[32mI select a country &amp#27;[0m&amp#27;[32m&amp#27;[1m"Portugal"&amp#27;[0m                 &amp#27;[90m# com.calkoo.steps.Steps.i_select_a_country(java.lang.String)&amp#27;[0m
2025-02-02 23:19:06 INFO  Steps:87 - Selected VAT rate: 23%
  &amp#27;[32mAnd &amp#27;[0m&amp#27;[32mI select a VAT rate &amp#27;[0m&amp#27;[32m&amp#27;[1m"23%"&amp#27;[0m                      &amp#27;[90m# com.calkoo.steps.Steps.i_select_a_VAT_rate(java.lang.String)&amp#27;[0m
2025-02-02 23:19:06 INFO  Steps:120 - Entered Net amount: 200
  &amp#27;[32mAnd &amp#27;[0m&amp#27;[32mI enter the Net amount &amp#27;[0m&amp#27;[32m&amp#27;[1m"200"&amp#27;[0m                   &amp#27;[90m# com.calkoo.steps.Steps.i_enter_the_Net_amount(java.lang.String)&amp#27;[0m
2025-02-02 23:19:06 INFO  Steps:126 - Expected Gross amount: 246.0
2025-02-02 23:19:06 INFO  Steps:127 - Actual Gross amount: 246.0
  &amp#27;[32mThen &amp#27;[0m&amp#27;[32mthe calculated Gross amount should be &amp#27;[0m&amp#27;[32m&amp#27;[1m"246.0"&amp#27;[0m &amp#27;[90m# com.calkoo.steps.Steps.the_calculated_Gross_amount_should_be(java.lang.String)&amp#27;[0m
2025-02-02 23:19:06 INFO  Steps:134 - Verified VAT amount: 46
  &amp#27;[32mAnd &amp#27;[0m&amp#27;[32mthe calculated VAT amount should be &amp#27;[0m&amp#27;[32m&amp#27;[1m"46"&amp#27;[0m       &amp#27;[90m# com.calkoo.steps.Steps.the_calculated_VAT_amount_should_be(java.lang.String)&amp#27;[0m
2025-02-02 23:19:06 INFO  Steps:148 - Browser closed.
]]></system-out>
  </testcase>
  <testcase name="Validate VAT calculations #3" classname="Vat Calculator" time="6.506">
    <system-out><![CDATA[
Scenario Outline: Validate VAT calculations           &amp#27;[90m# src/test/resources/features/vat_calculator.feature:30&amp#27;[0m
2025-02-02 23:19:09 INFO  Steps:68 - Clicked the 'Consent' button.
2025-02-02 23:19:09 INFO  Steps:72 - Clicked the 'I Accept!' button.
  &amp#27;[32mGiven &amp#27;[0m&amp#27;[32mI am on the VAT Calculator page&amp#27;[0m               &amp#27;[90m# com.calkoo.steps.Steps.i_am_on_the_VAT_Calculator_page()&amp#27;[0m
2025-02-02 23:19:12 INFO  Steps:81 - Selected country: France
  &amp#27;[32mWhen &amp#27;[0m&amp#27;[32mI select a country &amp#27;[0m&amp#27;[32m&amp#27;[1m"France"&amp#27;[0m                    &amp#27;[90m# com.calkoo.steps.Steps.i_select_a_country(java.lang.String)&amp#27;[0m
2025-02-02 23:19:12 INFO  Steps:87 - Selected VAT rate: 20%
  &amp#27;[32mAnd &amp#27;[0m&amp#27;[32mI select a VAT rate &amp#27;[0m&amp#27;[32m&amp#27;[1m"20%"&amp#27;[0m                       &amp#27;[90m# com.calkoo.steps.Steps.i_select_a_VAT_rate(java.lang.String)&amp#27;[0m
2025-02-02 23:19:13 INFO  Steps:120 - Entered Net amount: 100.00
  &amp#27;[32mAnd &amp#27;[0m&amp#27;[32mI enter the Net amount &amp#27;[0m&amp#27;[32m&amp#27;[1m"100.00"&amp#27;[0m                 &amp#27;[90m# com.calkoo.steps.Steps.i_enter_the_Net_amount(java.lang.String)&amp#27;[0m
2025-02-02 23:19:13 INFO  Steps:126 - Expected Gross amount: 120.00
2025-02-02 23:19:13 INFO  Steps:127 - Actual Gross amount: 120.0
  &amp#27;[32mThen &amp#27;[0m&amp#27;[32mthe calculated Gross amount should be &amp#27;[0m&amp#27;[32m&amp#27;[1m"120.00"&amp#27;[0m &amp#27;[90m# com.calkoo.steps.Steps.the_calculated_Gross_amount_should_be(java.lang.String)&amp#27;[0m
2025-02-02 23:19:13 INFO  Steps:134 - Verified VAT amount: 20.00
  &amp#27;[32mAnd &amp#27;[0m&amp#27;[32mthe calculated VAT amount should be &amp#27;[0m&amp#27;[32m&amp#27;[1m"20.00"&amp#27;[0m     &amp#27;[90m# com.calkoo.steps.Steps.the_calculated_VAT_amount_should_be(java.lang.String)&amp#27;[0m
2025-02-02 23:19:13 INFO  Steps:148 - Browser closed.
]]></system-out>
  </testcase>
  <testcase name="Validate VAT calculations #4" classname="Vat Calculator" time="7.129">
    <system-out><![CDATA[
Scenario Outline: Validate VAT calculations          &amp#27;[90m# src/test/resources/features/vat_calculator.feature:31&amp#27;[0m
2025-02-02 23:19:16 INFO  Steps:68 - Clicked the 'Consent' button.
2025-02-02 23:19:16 INFO  Steps:72 - Clicked the 'I Accept!' button.
  &amp#27;[32mGiven &amp#27;[0m&amp#27;[32mI am on the VAT Calculator page&amp#27;[0m              &amp#27;[90m# com.calkoo.steps.Steps.i_am_on_the_VAT_Calculator_page()&amp#27;[0m
2025-02-02 23:19:19 INFO  Steps:81 - Selected country: Germany
  &amp#27;[32mWhen &amp#27;[0m&amp#27;[32mI select a country &amp#27;[0m&amp#27;[32m&amp#27;[1m"Germany"&amp#27;[0m                  &amp#27;[90m# com.calkoo.steps.Steps.i_select_a_country(java.lang.String)&amp#27;[0m
2025-02-02 23:19:19 INFO  Steps:87 - Selected VAT rate: 19%
  &amp#27;[32mAnd &amp#27;[0m&amp#27;[32mI select a VAT rate &amp#27;[0m&amp#27;[32m&amp#27;[1m"19%"&amp#27;[0m                      &amp#27;[90m# com.calkoo.steps.Steps.i_select_a_VAT_rate(java.lang.String)&amp#27;[0m
2025-02-02 23:19:20 INFO  Steps:120 - Entered Net amount: 50.00
  &amp#27;[32mAnd &amp#27;[0m&amp#27;[32mI enter the Net amount &amp#27;[0m&amp#27;[32m&amp#27;[1m"50.00"&amp#27;[0m                 &amp#27;[90m# com.calkoo.steps.Steps.i_enter_the_Net_amount(java.lang.String)&amp#27;[0m
2025-02-02 23:19:20 INFO  Steps:126 - Expected Gross amount: 59.50
2025-02-02 23:19:20 INFO  Steps:127 - Actual Gross amount: 59.5
  &amp#27;[32mThen &amp#27;[0m&amp#27;[32mthe calculated Gross amount should be &amp#27;[0m&amp#27;[32m&amp#27;[1m"59.50"&amp#27;[0m &amp#27;[90m# com.calkoo.steps.Steps.the_calculated_Gross_amount_should_be(java.lang.String)&amp#27;[0m
2025-02-02 23:19:20 INFO  Steps:134 - Verified VAT amount: 9.50
  &amp#27;[32mAnd &amp#27;[0m&amp#27;[32mthe calculated VAT amount should be &amp#27;[0m&amp#27;[32m&amp#27;[1m"9.50"&amp#27;[0m     &amp#27;[90m# com.calkoo.steps.Steps.the_calculated_VAT_amount_should_be(java.lang.String)&amp#27;[0m
2025-02-02 23:19:20 INFO  Steps:148 - Browser closed.
]]></system-out>
  </testcase>
  <testcase name="Validate VAT calculations #5" classname="Vat Calculator" time="5.247">
    <system-out><![CDATA[
Scenario Outline: Validate VAT calculations          &amp#27;[90m# src/test/resources/features/vat_calculator.feature:32&amp#27;[0m
2025-02-02 23:19:23 INFO  Steps:68 - Clicked the 'Consent' button.
2025-02-02 23:19:23 INFO  Steps:72 - Clicked the 'I Accept!' button.
  &amp#27;[32mGiven &amp#27;[0m&amp#27;[32mI am on the VAT Calculator page&amp#27;[0m              &amp#27;[90m# com.calkoo.steps.Steps.i_am_on_the_VAT_Calculator_page()&amp#27;[0m
2025-02-02 23:19:24 INFO  Steps:81 - Selected country: United Kingdom
  &amp#27;[32mWhen &amp#27;[0m&amp#27;[32mI select a country &amp#27;[0m&amp#27;[32m&amp#27;[1m"United Kingdom"&amp#27;[0m           &amp#27;[90m# com.calkoo.steps.Steps.i_select_a_country(java.lang.String)&amp#27;[0m
2025-02-02 23:19:24 INFO  Steps:87 - Selected VAT rate: 20%
  &amp#27;[32mAnd &amp#27;[0m&amp#27;[32mI select a VAT rate &amp#27;[0m&amp#27;[32m&amp#27;[1m"20%"&amp#27;[0m                      &amp#27;[90m# com.calkoo.steps.Steps.i_select_a_VAT_rate(java.lang.String)&amp#27;[0m
2025-02-02 23:19:24 INFO  Steps:120 - Entered Net amount: 25.50
  &amp#27;[32mAnd &amp#27;[0m&amp#27;[32mI enter the Net amount &amp#27;[0m&amp#27;[32m&amp#27;[1m"25.50"&amp#27;[0m                 &amp#27;[90m# com.calkoo.steps.Steps.i_enter_the_Net_amount(java.lang.String)&amp#27;[0m
2025-02-02 23:19:24 INFO  Steps:126 - Expected Gross amount: 30.60
2025-02-02 23:19:24 INFO  Steps:127 - Actual Gross amount: 30.6
  &amp#27;[32mThen &amp#27;[0m&amp#27;[32mthe calculated Gross amount should be &amp#27;[0m&amp#27;[32m&amp#27;[1m"30.60"&amp#27;[0m &amp#27;[90m# com.calkoo.steps.Steps.the_calculated_Gross_amount_should_be(java.lang.String)&amp#27;[0m
2025-02-02 23:19:25 INFO  Steps:134 - Verified VAT amount: 5.10
  &amp#27;[32mAnd &amp#27;[0m&amp#27;[32mthe calculated VAT amount should be &amp#27;[0m&amp#27;[32m&amp#27;[1m"5.10"&amp#27;[0m     &amp#27;[90m# com.calkoo.steps.Steps.the_calculated_VAT_amount_should_be(java.lang.String)&amp#27;[0m
2025-02-02 23:19:25 INFO  Steps:148 - Browser closed.
]]></system-out>
  </testcase>
  <testcase name="Error Handling for Negative Input" classname="Vat Calculator" time="6.719">
    <system-out><![CDATA[
Scenario: Error Handling for Negative Input                                          &amp#27;[90m# src/test/resources/features/vat_calculator.feature:34&amp#27;[0m
2025-02-02 23:19:28 INFO  Steps:68 - Clicked the 'Consent' button.
2025-02-02 23:19:28 INFO  Steps:72 - Clicked the 'I Accept!' button.
  &amp#27;[32mGiven &amp#27;[0m&amp#27;[32mI am on the VAT Calculator page&amp#27;[0m                                              &amp#27;[90m# com.calkoo.steps.Steps.i_am_on_the_VAT_Calculator_page()&amp#27;[0m
2025-02-02 23:19:31 INFO  Steps:81 - Selected country: France
  &amp#27;[32mWhen &amp#27;[0m&amp#27;[32mI select a country &amp#27;[0m&amp#27;[32m&amp#27;[1m"France"&amp#27;[0m                                                   &amp#27;[90m# com.calkoo.steps.Steps.i_select_a_country(java.lang.String)&amp#27;[0m
2025-02-02 23:19:32 INFO  Steps:93 - Selected other VAT rate: 20%
  &amp#27;[32mAnd &amp#27;[0m&amp#27;[32mI select other VAT rate &amp#27;[0m&amp#27;[32m&amp#27;[1m"20%"&amp#27;[0m                                                  &amp#27;[90m# com.calkoo.steps.Steps.i_select_other_VAT_rate(java.lang.String)&amp#27;[0m
2025-02-02 23:19:32 INFO  Steps:120 - Entered Net amount: -100
  &amp#27;[32mWhen &amp#27;[0m&amp#27;[32mI enter the Net amount &amp#27;[0m&amp#27;[32m&amp#27;[1m"-100"&amp#27;[0m                                                 &amp#27;[90m# com.calkoo.steps.Steps.i_enter_the_Net_amount(java.lang.String)&amp#27;[0m
2025-02-02 23:19:32 INFO  Steps:141 - Verified error message: Negative values are invalid for a pie chart.×
  &amp#27;[32mThen &amp#27;[0m&amp#27;[32mI should see an error message &amp#27;[0m&amp#27;[32m&amp#27;[1m"Negative values are invalid for a pie chart.×"&amp#27;[0m &amp#27;[90m# com.calkoo.steps.Steps.i_should_see_an_error_message(java.lang.String)&amp#27;[0m
2025-02-02 23:19:32 INFO  Steps:148 - Browser closed.
]]></system-out>
  </testcase>
</testsuite>